<?xml version="1.0" encoding="UTF-8"?>
<!-- Generated by org.testng.reporters.JUnitXMLReporter -->
<testsuite hostname="PC77334" ignored="0" name="Smoke Test" tests="2" failures="0" timestamp="12 Apr 2019 20:52:48 GMT" time="45.029" errors="0">
  <testcase name="verify_US_order" time="21.291" classname="webstoreselenium.qa.testcases.order.Test_Order_US"/>
  <testcase name="verify_US_orderEmail_generated" time="3.446" classname="webstoreselenium.qa.testcases.order.Test_Order_US"/>
</testsuite> <!-- Smoke Test -->
