<?xml version="1.0" encoding="UTF-8"?>
<!-- Generated by org.testng.reporters.JUnitXMLReporter -->
<testsuite hostname="PC77334" ignored="1" name="Default test" tests="1" failures="0" timestamp="06 Jun 2019 21:21:50 GMT" time="65.799" errors="0">
  <testcase name="verify_US_quote" time="12.295" classname="webstoreselenium.qa.testcases.quote.Test_Quote_US"/>
  <testcase name="verify_US_quoteEmail_generated" time="0.0" classname="webstoreselenium.qa.testcases.quote.Test_Quote_US">
    <ignored/>
  </testcase> <!-- verify_US_quoteEmail_generated -->
</testsuite> <!-- Default test -->
