<?xml version="1.0" encoding="UTF-8"?>
<testng-results skipped="0" failed="0" ignored="1" total="2" passed="1">
  <reporter-output>
  </reporter-output>
  <suite name="Default suite" duration-ms="65799" started-at="2019-06-06T21:20:43Z" finished-at="2019-06-06T21:21:48Z">
    <groups>
    </groups>
    <test name="Default test" duration-ms="65799" started-at="2019-06-06T21:20:43Z" finished-at="2019-06-06T21:21:48Z">
      <class name="webstoreselenium.qa.testcases.quote.Test_Quote_US">
        <test-method status="PASS" signature="setUp()[pri:0, instance:webstoreselenium.qa.testcases.quote.Test_Quote_US@3e6fa38a]" name="setUp" is-config="true" duration-ms="38932" started-at="2019-06-06T17:20:43Z" finished-at="2019-06-06T17:21:22Z">
          <reporter-output>
          </reporter-output>
        </test-method> <!-- setUp -->
        <test-method status="PASS" signature="verify_US_quote()[pri:0, instance:webstoreselenium.qa.testcases.quote.Test_Quote_US@3e6fa38a]" name="verify_US_quote" duration-ms="12295" started-at="2019-06-06T17:21:22Z" finished-at="2019-06-06T17:21:34Z">
          <reporter-output>
          </reporter-output>
        </test-method> <!-- verify_US_quote -->
        <test-method status="PASS" signature="tearDown()[pri:0, instance:webstoreselenium.qa.testcases.quote.Test_Quote_US@3e6fa38a]" name="tearDown" is-config="true" duration-ms="14552" started-at="2019-06-06T17:21:34Z" finished-at="2019-06-06T17:21:48Z">
          <reporter-output>
          </reporter-output>
        </test-method> <!-- tearDown -->
      </class> <!-- webstoreselenium.qa.testcases.quote.Test_Quote_US -->
    </test> <!-- Default test -->
  </suite> <!-- Default suite -->
</testng-results>
